[0723/090141.116:ERROR:process_info.cc(329)] VirtualQueryEx: Access is denied. (0x5)
[0723/090141.116:ERROR:process_info.cc(556)] ReadMemoryInfo failed
[0723/090141.117:ERROR:scoped_process_suspend.cc(40)] NtResumeProcess: An attempt was made to access an exiting process. (0xc000010a)
[0723/092437.192:ERROR:process_info.cc(329)] VirtualQueryEx: Access is denied. (0x5)
[0723/092437.193:ERROR:process_info.cc(556)] ReadMemoryInfo failed
[0723/092437.193:ERROR:scoped_process_suspend.cc(40)] NtResumeProcess: An attempt was made to access an exiting process. (0xc000010a)
[0723/092444.238:ERROR:process_reader_win.cc(188)] ResumeThread: The parameter is incorrect. (0x57)
[0723/092444.238:ERROR:process_reader_win.cc(151)] SuspendThread: Access is denied. (0x5)
[0723/092444.238:ERROR:process_reader_win.cc(151)] SuspendThread: Access is denied. (0x5)
[0723/092444.238:ERROR:process_reader_win.cc(151)] SuspendThread: Access is denied. (0x5)
[0723/092444.238:ERROR:process_reader_win.cc(151)] SuspendThread: Access is denied. (0x5)
[0723/092444.239:ERROR:process_reader_win.cc(151)] SuspendThread: Access is denied. (0x5)
[0723/092444.239:ERROR:process_reader_win.cc(151)] SuspendThread: Access is denied. (0x5)
[0723/092444.239:ERROR:process_reader_win.cc(151)] SuspendThread: Access is denied. (0x5)
[0723/092444.239:ERROR:process_reader_win.cc(151)] SuspendThread: Access is denied. (0x5)
[0723/092444.239:ERROR:process_reader_win.cc(151)] SuspendThread: Access is denied. (0x5)
[0723/092444.239:ERROR:process_reader_win.cc(151)] SuspendThread: Access is denied. (0x5)
[0723/092444.239:ERROR:process_reader_win.cc(151)] SuspendThread: Access is denied. (0x5)
[0723/092444.239:ERROR:process_reader_win.cc(151)] SuspendThread: Access is denied. (0x5)
[0723/092444.242:ERROR:process_memory_win.cc(73)] ReadMemory at 0x232ad5036f0 of 6656 bytes failed: Only part of a ReadProcessMemory or WriteProcessMemory request was completed. (0x12B)
[0723/092444.242:ERROR:process_snapshot_win.cc(322)] failed to read unloaded module data
[0723/092444.245:ERROR:process_memory_win.cc(73)] ReadMemory at 0x7ff710f40000 of 64 bytes failed: Only part of a ReadProcessMemory or WriteProcessMemory request was completed. (0x12B)
[0723/092444.245:WARNING:pe_image_reader.cc(340)] could not read dos header from C:\Program Files (x86)\Google\Chrome\Application\chrome.exe
[0723/092444.245:ERROR:process_memory_win.cc(73)] ReadMemory at 0x7ff710f40000 of 64 bytes failed: Only part of a ReadProcessMemory or WriteProcessMemory request was completed. (0x12B)
[0723/092444.245:WARNING:pe_image_reader.cc(340)] could not read dos header from C:\Program Files (x86)\Google\Chrome\Application\chrome.exe
[0723/092444.245:ERROR:process_memory_win.cc(73)] ReadMemory at 0x232ad4ede00 of 72 bytes failed: Only part of a ReadProcessMemory or WriteProcessMemory request was completed. (0x12B)
[0723/092444.246:WARNING:pe_image_annotations_reader.cc(134)] could not read annotations list object in C:\Program Files (x86)\Google\Chrome\Application\84.0.4147.89\chrome_elf.dll
[0723/092444.246:ERROR:process_memory_win.cc(73)] ReadMemory at 0x232ad52ced0 of 72 bytes failed: Only part of a ReadProcessMemory or WriteProcessMemory request was completed. (0x12B)
[0723/092444.246:WARNING:pe_image_annotations_reader.cc(134)] could not read annotations list object in C:\Program Files (x86)\Google\Chrome\Application\84.0.4147.89\chrome.dll
[0723/092444.326:ERROR:process_memory_win.cc(73)] ReadMemory at 0x7ff710f40000 of 64 bytes failed: Only part of a ReadProcessMemory or WriteProcessMemory request was completed. (0x12B)
[0723/092444.326:WARNING:pe_image_reader.cc(340)] could not read dos header from C:\Program Files (x86)\Google\Chrome\Application\chrome.exe
[0723/092444.326:ERROR:process_memory_win.cc(73)] ReadMemory at 0x7ff8a8120000 of 64 bytes failed: Only part of a ReadProcessMemory or WriteProcessMemory request was completed. (0x12B)
[0723/092444.326:WARNING:pe_image_reader.cc(340)] could not read dos header from C:\Windows\SYSTEM32\ntdll.dll
[0723/092444.326:ERROR:process_memory_win.cc(73)] ReadMemory at 0x7ff8a7400000 of 64 bytes failed: Only part of a ReadProcessMemory or WriteProcessMemory request was completed. (0x12B)
[0723/092444.326:WARNING:pe_image_reader.cc(340)] could not read dos header from C:\Windows\System32\KERNEL32.DLL
[0723/092444.327:ERROR:process_memory_win.cc(73)] ReadMemory at 0x7ff8a5550000 of 64 bytes failed: Only part of a ReadProcessMemory or WriteProcessMemory request was completed. (0x12B)
[0723/092444.327:WARNING:pe_image_reader.cc(340)] could not read dos header from C:\Windows\System32\KERNELBASE.dll
[0723/092444.327:ERROR:process_memory_win.cc(73)] ReadMemory at 0x7ff871970000 of 64 bytes failed: Only part of a ReadProcessMemory or WriteProcessMemory request was completed. (0x12B)
[0723/092444.327:WARNING:pe_image_reader.cc(340)] could not read dos header from C:\Program Files (x86)\Google\Chrome\Application\84.0.4147.89\chrome_elf.dll
[0723/092444.327:ERROR:process_memory_win.cc(73)] ReadMemory at 0x7ff896c70000 of 64 bytes failed: Only part of a ReadProcessMemory or WriteProcessMemory request was completed. (0x12B)
[0723/092444.327:WARNING:pe_image_reader.cc(340)] could not read dos header from C:\Windows\SYSTEM32\VERSION.dll
[0723/092444.327:ERROR:process_memory_win.cc(73)] ReadMemory at 0x7ff8a7930000 of 64 bytes failed: Only part of a ReadProcessMemory or WriteProcessMemory request was completed. (0x12B)
[0723/092444.327:WARNING:pe_image_reader.cc(340)] could not read dos header from C:\Windows\System32\msvcrt.dll
[0723/092444.327:ERROR:process_memory_win.cc(73)] ReadMemory at 0x7ff8a54d0000 of 64 bytes failed: Only part of a ReadProcessMemory or WriteProcessMemory request was completed. (0x12B)
[0723/092444.327:WARNING:pe_image_reader.cc(340)] could not read dos header from C:\Windows\System32\bcryptPrimitives.dll
[0723/092444.327:ERROR:process_memory_win.cc(73)] ReadMemory at 0x7ff8a7f70000 of 64 bytes failed: Only part of a ReadProcessMemory or WriteProcessMemory request was completed. (0x12B)
[0723/092444.327:WARNING:pe_image_reader.cc(340)] could not read dos header from C:\Windows\System32\ADVAPI32.dll
[0723/092444.327:ERROR:process_memory_win.cc(73)] ReadMemory at 0x7ff8a61d0000 of 64 bytes failed: Only part of a ReadProcessMemory or WriteProcessMemory request was completed. (0x12B)
[0723/092444.327:WARNING:pe_image_reader.cc(340)] could not read dos header from C:\Windows\System32\sechost.dll
[0723/092444.327:ERROR:process_memory_win.cc(73)] ReadMemory at 0x7ff8a7d10000 of 64 bytes failed: Only part of a ReadProcessMemory or WriteProcessMemory request was completed. (0x12B)
[0723/092444.327:WARNING:pe_image_reader.cc(340)] could not read dos header from C:\Windows\System32\RPCRT4.dll
[0723/092444.327:ERROR:process_memory_win.cc(73)] ReadMemory at 0x7ff81c680000 of 64 bytes failed: Only part of a ReadProcessMemory or WriteProcessMemory request was completed. (0x12B)
[0723/092444.327:WARNING:pe_image_reader.cc(340)] could not read dos header from C:\Program Files (x86)\Google\Chrome\Application\84.0.4147.89\chrome.dll
[0723/092444.327:ERROR:process_memory_win.cc(73)] ReadMemory at 0x7ff8a7f00000 of 64 bytes failed: Only part of a ReadProcessMemory or WriteProcessMemory request was completed. (0x12B)
[0723/092444.327:WARNING:pe_image_reader.cc(340)] could not read dos header from C:\Windows\System32\WS2_32.dll
[0723/092444.327:ERROR:process_memory_win.cc(73)] ReadMemory at 0x7ff8a7e30000 of 64 bytes failed: Only part of a ReadProcessMemory or WriteProcessMemory request was completed. (0x12B)
[0723/092444.327:WARNING:pe_image_reader.cc(340)] could not read dos header from C:\Windows\System32\OLEAUT32.dll
[0723/092444.327:ERROR:process_memory_win.cc(73)] ReadMemory at 0x7ff8a50b0000 of 64 bytes failed: Only part of a ReadProcessMemory or WriteProcessMemory request was completed. (0x12B)
[0723/092444.327:WARNING:pe_image_reader.cc(340)] could not read dos header from C:\Windows\System32\msvcp_win.dll
[0723/092444.327:ERROR:process_memory_win.cc(73)] ReadMemory at 0x7ff8a5800000 of 64 bytes failed: Only part of a ReadProcessMemory or WriteProcessMemory request was completed. (0x12B)
[0723/092444.327:WARNING:pe_image_reader.cc(340)] could not read dos header from C:\Windows\System32\ucrtbase.dll
[0723/092444.327:ERROR:process_memory_win.cc(73)] ReadMemory at 0x7ff8a79d0000 of 64 bytes failed: Only part of a ReadProcessMemory or WriteProcessMemory request was completed. (0x12B)
[0723/092444.327:WARNING:pe_image_reader.cc(340)] could not read dos header from C:\Windows\System32\combase.dll
[0723/092444.328:ERROR:process_memory_win.cc(73)] ReadMemory at 0x7ff8a5280000 of 64 bytes failed: Only part of a ReadProcessMemory or WriteProcessMemory request was completed. (0x12B)
[0723/092444.328:WARNING:pe_image_reader.cc(340)] could not read dos header from C:\Windows\System32\WINTRUST.dll
[0723/092444.328:ERROR:process_memory_win.cc(73)] ReadMemory at 0x7ff8a5060000 of 64 bytes failed: Only part of a ReadProcessMemory or WriteProcessMemory request was completed. (0x12B)
[0723/092444.328:WARNING:pe_image_reader.cc(340)] could not read dos header from C:\Windows\System32\MSASN1.dll
[0723/092444.328:ERROR:process_memory_win.cc(73)] ReadMemory at 0x7ff8a6080000 of 64 bytes failed: Only part of a ReadProcessMemory or WriteProcessMemory request was completed. (0x12B)
[0723/092444.328:WARNING:pe_image_reader.cc(340)] could not read dos header from C:\Windows\System32\CRYPT32.dll
[0723/092444.328:ERROR:process_memory_win.cc(73)] ReadMemory at 0x7ff8a4560000 of 64 bytes failed: Only part of a ReadProcessMemory or WriteProcessMemory request was completed. (0x12B)
[0723/092444.328:WARNING:pe_image_reader.cc(340)] could not read dos header from C:\Windows\SYSTEM32\IPHLPAPI.DLL
[0723/092444.328:ERROR:process_memory_win.cc(73)] ReadMemory at 0x7ff8a0a50000 of 64 bytes failed: Only part of a ReadProcessMemory or WriteProcessMemory request was completed. (0x12B)
[0723/092444.328:WARNING:pe_image_reader.cc(340)] could not read dos header from C:\Windows\SYSTEM32\WINMM.dll
[0723/092444.328:ERROR:process_memory_win.cc(73)] ReadMemory at 0x7ff8945f0000 of 64 bytes failed: Only part of a ReadProcessMemory or WriteProcessMemory request was completed. (0x12B)
[0723/092444.328:WARNING:pe_image_reader.cc(340)] could not read dos header from C:\Windows\SYSTEM32\Secur32.dll
[0723/092444.328:ERROR:process_memory_win.cc(73)] ReadMemory at 0x7ff8a4ed0000 of 64 bytes failed: Only part of a ReadProcessMemory or WriteProcessMemory request was completed. (0x12B)
[0723/092444.328:WARNING:pe_image_reader.cc(340)] could not read dos header from C:\Windows\SYSTEM32\USERENV.dll
[0723/092444.328:ERROR:process_memory_win.cc(73)] ReadMemory at 0x7ff8a5080000 of 64 bytes failed: Only part of a ReadProcessMemory or WriteProcessMemory request was completed. (0x12B)
[0723/092444.328:WARNING:pe_image_reader.cc(340)] could not read dos header from C:\Windows\System32\profapi.dll
[0723/092444.328:ERROR:process_memory_win.cc(73)] ReadMemory at 0x7ff87f8b0000 of 64 bytes failed: Only part of a ReadProcessMemory or WriteProcessMemory request was completed. (0x12B)
[0723/092444.328:WARNING:pe_image_reader.cc(340)] could not read dos header from C:\Windows\SYSTEM32\UIAutomationCore.DLL
[0723/092444.328:ERROR:process_memory_win.cc(73)] ReadMemory at 0x7ff88cae0000 of 64 bytes failed: Only part of a ReadProcessMemory or WriteProcessMemory request was completed. (0x12B)
[0723/092444.328:WARNING:pe_image_reader.cc(340)] could not read dos header from C:\Windows\SYSTEM32\DWrite.dll
[0723/092444.328:ERROR:process_memory_win.cc(73)] ReadMemory at 0x7ff8874e0000 of 64 bytes failed: Only part of a ReadProcessMemory or WriteProcessMemory request was completed. (0x12B)
[0723/092444.328:WARNING:pe_image_reader.cc(340)] could not read dos header from C:\Windows\SYSTEM32\WINSPOOL.DRV
[0723/092444.328:ERROR:process_memory_win.cc(73)] ReadMemory at 0x7ff8a5040000 of 64 bytes failed: Only part of a ReadProcessMemory or WriteProcessMemory request was completed. (0x12B)
[0723/092444.328:WARNING:pe_image_reader.cc(340)] could not read dos header from C:\Windows\System32\kernel.appcore.dll
[0723/092444.328:ERROR:process_memory_win.cc(73)] ReadMemory at 0x7ff8a51a0000 of 64 bytes failed: Only part of a ReadProcessMemory or WriteProcessMemory request was completed. (0x12B)
[0723/092444.328:WARNING:pe_image_reader.cc(340)] could not read dos header from C:\Windows\System32\bcrypt.dll
[0723/092444.328:ERROR:process_memory_win.cc(73)] ReadMemory at 0x7ff8a39d0000 of 64 bytes failed: Only part of a ReadProcessMemory or WriteProcessMemory request was completed. (0x12B)
[0723/092444.328:WARNING:pe_image_reader.cc(340)] could not read dos header from C:\Windows\SYSTEM32\dbghelp.dll
[0723/092444.328:ERROR:process_memory_win.cc(73)] ReadMemory at 0x7ff89c1f0000 of 64 bytes failed: Only part of a ReadProcessMemory or WriteProcessMemory request was completed. (0x12B)
[0723/092444.328:WARNING:pe_image_reader.cc(340)] could not read dos header from C:\Windows\SYSTEM32\WINHTTP.dll
[0723/092444.328:ERROR:process_memory_win.cc(73)] ReadMemory at 0x7ff89efa0000 of 64 bytes failed: Only part of a ReadProcessMemory or WriteProcessMemory request was completed. (0x12B)
[0723/092444.328:WARNING:pe_image_reader.cc(340)] could not read dos header from C:\Windows\SYSTEM32\dhcpcsvc.DLL
[0723/092444.328:ERROR:process_memory_win.cc(73)] ReadMemory at 0x7ff8a6330000 of 64 bytes failed: Only part of a ReadProcessMemory or WriteProcessMemory request was completed. (0x12B)
[0723/092444.328:WARNING:pe_image_reader.cc(340)] could not read dos header from C:\Windows\System32\NSI.dll
[0723/092444.328:ERROR:process_memory_win.cc(73)] ReadMemory at 0x7ff8a0a20000 of 64 bytes failed: Only part of a ReadProcessMemory or WriteProcessMemory request was completed. (0x12B)
[0723/092444.328:WARNING:pe_image_reader.cc(340)] could not read dos header from C:\Windows\SYSTEM32\WINMMBASE.dll
[0723/092444.328:ERROR:process_memory_win.cc(73)] ReadMemory at 0x7ff8a5150000 of 64 bytes failed: Only part of a ReadProcessMemory or WriteProcessMemory request was completed. (0x12B)
[0723/092444.328:WARNING:pe_image_reader.cc(340)] could not read dos header from C:\Windows\System32\cfgmgr32.dll
[0723/092444.328:ERROR:process_memory_win.cc(73)] ReadMemory at 0x7ff8a2580000 of 64 bytes failed: Only part of a ReadProcessMemory or WriteProcessMemory request was completed. (0x12B)
[0723/092444.328:WARNING:pe_image_reader.cc(340)] could not read dos header from C:\Windows\SYSTEM32\PROPSYS.dll
[0723/092444.328:ERROR:process_memory_win.cc(73)] ReadMemory at 0x7ff8a6d60000 of 64 bytes failed: Only part of a ReadProcessMemory or WriteProcessMemory request was completed. (0x12B)
[0723/092444.328:WARNING:pe_image_reader.cc(340)] could not read dos header from C:\Windows\System32\shcore.dll
[0723/092444.328:ERROR:process_memory_win.cc(73)] ReadMemory at 0x7ff8a4f00000 of 64 bytes failed: Only part of a ReadProcessMemory or WriteProcessMemory request was completed. (0x12B)
[0723/092444.328:WARNING:pe_image_reader.cc(340)] could not read dos header from C:\Windows\SYSTEM32\SSPICLI.DLL
[0723/092444.328:ERROR:process_memory_win.cc(73)] ReadMemory at 0x7ff8a64d0000 of 64 bytes failed: Only part of a ReadProcessMemory or WriteProcessMemory request was completed. (0x12B)
[0723/092444.328:WARNING:pe_image_reader.cc(340)] could not read dos header from C:\Windows\System32\SHELL32.dll
[0723/092444.328:ERROR:process_memory_win.cc(73)] ReadMemory at 0x7ff8a5900000 of 64 bytes failed: Only part of a ReadProcessMemory or WriteProcessMemory request was completed. (0x12B)
[0723/092444.328:WARNING:pe_image_reader.cc(340)] could not read dos header from C:\Windows\System32\windows.storage.dll
[0723/092444.329:ERROR:process_memory_win.cc(73)] ReadMemory at 0x7ff8a4ff0000 of 64 bytes failed: Only part of a ReadProcessMemory or WriteProcessMemory request was completed. (0x12B)
[0723/092444.329:WARNING:pe_image_reader.cc(340)] could not read dos header from C:\Windows\System32\powrprof.dll
[0723/092444.329:ERROR:process_memory_win.cc(73)] ReadMemory at 0x7ff8a4fe0000 of 64 bytes failed: Only part of a ReadProcessMemory or WriteProcessMemory request was completed. (0x12B)
[0723/092444.329:WARNING:pe_image_reader.cc(340)] could not read dos header from C:\Windows\System32\UMPDC.dll
[0723/092444.329:ERROR:process_memory_win.cc(73)] ReadMemory at 0x7ff8a8020000 of 64 bytes failed: Only part of a ReadProcessMemory or WriteProcessMemory request was completed. (0x12B)
[0723/092444.329:WARNING:pe_image_reader.cc(340)] could not read dos header from C:\Windows\System32\shlwapi.dll
[0723/092444.329:ERROR:process_memory_win.cc(73)] ReadMemory at 0x7ff8a6360000 of 64 bytes failed: Only part of a ReadProcessMemory or WriteProcessMemory request was completed. (0x12B)
[0723/092444.329:WARNING:pe_image_reader.cc(340)] could not read dos header from C:\Windows\System32\GDI32.dll
[0723/092444.329:ERROR:process_memory_win.cc(73)] ReadMemory at 0x7ff8a52e0000 of 64 bytes failed: Only part of a ReadProcessMemory or WriteProcessMemory request was completed. (0x12B)
[0723/092444.329:WARNING:pe_image_reader.cc(340)] could not read dos header from C:\Windows\System32\win32u.dll
[0723/092444.329:ERROR:process_memory_win.cc(73)] ReadMemory at 0x7ff8a5330000 of 64 bytes failed: Only part of a ReadProcessMemory or WriteProcessMemory request was completed. (0x12B)
[0723/092444.329:WARNING:pe_image_reader.cc(340)] could not read dos header from C:\Windows\System32\gdi32full.dll
[0723/092444.329:ERROR:process_memory_win.cc(73)] ReadMemory at 0x7ff8a6bc0000 of 64 bytes failed: Only part of a ReadProcessMemory or WriteProcessMemory request was completed. (0x12B)
[0723/092444.329:WARNING:pe_image_reader.cc(340)] could not read dos header from C:\Windows\System32\USER32.dll
[0723/092444.329:ERROR:process_memory_win.cc(73)] ReadMemory at 0x7ff8a5310000 of 64 bytes failed: Only part of a ReadProcessMemory or WriteProcessMemory request was completed. (0x12B)
[0723/092444.329:WARNING:pe_image_reader.cc(340)] could not read dos header from C:\Windows\System32\cryptsp.dll
[0723/092444.329:ERROR:process_memory_win.cc(73)] ReadMemory at 0x7ff8a7350000 of 64 bytes failed: Only part of a ReadProcessMemory or WriteProcessMemory request was completed. (0x12B)
[0723/092444.329:WARNING:pe_image_reader.cc(340)] could not read dos header from C:\Windows\System32\IMM32.DLL
[0723/092444.329:ERROR:process_memory_win.cc(73)] ReadMemory at 0x7ff8a4a20000 of 64 bytes failed: Only part of a ReadProcessMemory or WriteProcessMemory request was completed. (0x12B)
[0723/092444.329:WARNING:pe_image_reader.cc(340)] could not read dos header from C:\Windows\SYSTEM32\CRYPTBASE.DLL
[0723/092444.333:ERROR:process_memory_win.cc(73)] ReadMemory at 0x7ff710f40000 of 64 bytes failed: Only part of a ReadProcessMemory or WriteProcessMemory request was completed. (0x12B)
[0723/092444.333:WARNING:pe_image_reader.cc(340)] could not read dos header from C:\Program Files (x86)\Google\Chrome\Application\chrome.exe
[0723/092444.333:ERROR:process_memory_win.cc(73)] ReadMemory at 0x7ff8a8120000 of 64 bytes failed: Only part of a ReadProcessMemory or WriteProcessMemory request was completed. (0x12B)
[0723/092444.333:WARNING:pe_image_reader.cc(340)] could not read dos header from C:\Windows\SYSTEM32\ntdll.dll
[0723/092444.333:ERROR:process_memory_win.cc(73)] ReadMemory at 0x7ff8a7400000 of 64 bytes failed: Only part of a ReadProcessMemory or WriteProcessMemory request was completed. (0x12B)
[0723/092444.333:WARNING:pe_image_reader.cc(340)] could not read dos header from C:\Windows\System32\KERNEL32.DLL
[0723/092444.333:ERROR:process_memory_win.cc(73)] ReadMemory at 0x7ff8a5550000 of 64 bytes failed: Only part of a ReadProcessMemory or WriteProcessMemory request was completed. (0x12B)
[0723/092444.333:WARNING:pe_image_reader.cc(340)] could not read dos header from C:\Windows\System32\KERNELBASE.dll
[0723/092444.333:ERROR:process_memory_win.cc(73)] ReadMemory at 0x7ff871970000 of 64 bytes failed: Only part of a ReadProcessMemory or WriteProcessMemory request was completed. (0x12B)
[0723/092444.333:WARNING:pe_image_reader.cc(340)] could not read dos header from C:\Program Files (x86)\Google\Chrome\Application\84.0.4147.89\chrome_elf.dll
[0723/092444.333:ERROR:process_memory_win.cc(73)] ReadMemory at 0x7ff896c70000 of 64 bytes failed: Only part of a ReadProcessMemory or WriteProcessMemory request was completed. (0x12B)
[0723/092444.333:WARNING:pe_image_reader.cc(340)] could not read dos header from C:\Windows\SYSTEM32\VERSION.dll
[0723/092444.333:ERROR:process_memory_win.cc(73)] ReadMemory at 0x7ff8a7930000 of 64 bytes failed: Only part of a ReadProcessMemory or WriteProcessMemory request was completed. (0x12B)
[0723/092444.333:WARNING:pe_image_reader.cc(340)] could not read dos header from C:\Windows\System32\msvcrt.dll
[0723/092444.333:ERROR:process_memory_win.cc(73)] ReadMemory at 0x7ff8a54d0000 of 64 bytes failed: Only part of a ReadProcessMemory or WriteProcessMemory request was completed. (0x12B)
[0723/092444.333:WARNING:pe_image_reader.cc(340)] could not read dos header from C:\Windows\System32\bcryptPrimitives.dll
[0723/092444.333:ERROR:process_memory_win.cc(73)] ReadMemory at 0x7ff8a7f70000 of 64 bytes failed: Only part of a ReadProcessMemory or WriteProcessMemory request was completed. (0x12B)
[0723/092444.333:WARNING:pe_image_reader.cc(340)] could not read dos header from C:\Windows\System32\ADVAPI32.dll
[0723/092444.333:ERROR:process_memory_win.cc(73)] ReadMemory at 0x7ff8a61d0000 of 64 bytes failed: Only part of a ReadProcessMemory or WriteProcessMemory request was completed. (0x12B)
[0723/092444.333:WARNING:pe_image_reader.cc(340)] could not read dos header from C:\Windows\System32\sechost.dll
[0723/092444.333:ERROR:process_memory_win.cc(73)] ReadMemory at 0x7ff8a7d10000 of 64 bytes failed: Only part of a ReadProcessMemory or WriteProcessMemory request was completed. (0x12B)
[0723/092444.333:WARNING:pe_image_reader.cc(340)] could not read dos header from C:\Windows\System32\RPCRT4.dll
[0723/092444.334:ERROR:process_memory_win.cc(73)] ReadMemory at 0x7ff81c680000 of 64 bytes failed: Only part of a ReadProcessMemory or WriteProcessMemory request was completed. (0x12B)
[0723/092444.334:WARNING:pe_image_reader.cc(340)] could not read dos header from C:\Program Files (x86)\Google\Chrome\Application\84.0.4147.89\chrome.dll
[0723/092444.334:ERROR:process_memory_win.cc(73)] ReadMemory at 0x7ff8a7f00000 of 64 bytes failed: Only part of a ReadProcessMemory or WriteProcessMemory request was completed. (0x12B)
[0723/092444.334:WARNING:pe_image_reader.cc(340)] could not read dos header from C:\Windows\System32\WS2_32.dll
[0723/092444.334:ERROR:process_memory_win.cc(73)] ReadMemory at 0x7ff8a7e30000 of 64 bytes failed: Only part of a ReadProcessMemory or WriteProcessMemory request was completed. (0x12B)
[0723/092444.334:WARNING:pe_image_reader.cc(340)] could not read dos header from C:\Windows\System32\OLEAUT32.dll
[0723/092444.334:ERROR:process_memory_win.cc(73)] ReadMemory at 0x7ff8a50b0000 of 64 bytes failed: Only part of a ReadProcessMemory or WriteProcessMemory request was completed. (0x12B)
[0723/092444.334:WARNING:pe_image_reader.cc(340)] could not read dos header from C:\Windows\System32\msvcp_win.dll
[0723/092444.334:ERROR:process_memory_win.cc(73)] ReadMemory at 0x7ff8a5800000 of 64 bytes failed: Only part of a ReadProcessMemory or WriteProcessMemory request was completed. (0x12B)
[0723/092444.334:WARNING:pe_image_reader.cc(340)] could not read dos header from C:\Windows\System32\ucrtbase.dll
[0723/092444.334:ERROR:process_memory_win.cc(73)] ReadMemory at 0x7ff8a79d0000 of 64 bytes failed: Only part of a ReadProcessMemory or WriteProcessMemory request was completed. (0x12B)
[0723/092444.334:WARNING:pe_image_reader.cc(340)] could not read dos header from C:\Windows\System32\combase.dll
[0723/092444.334:ERROR:process_memory_win.cc(73)] ReadMemory at 0x7ff8a5280000 of 64 bytes failed: Only part of a ReadProcessMemory or WriteProcessMemory request was completed. (0x12B)
[0723/092444.334:WARNING:pe_image_reader.cc(340)] could not read dos header from C:\Windows\System32\WINTRUST.dll
[0723/092444.334:ERROR:process_memory_win.cc(73)] ReadMemory at 0x7ff8a5060000 of 64 bytes failed: Only part of a ReadProcessMemory or WriteProcessMemory request was completed. (0x12B)
[0723/092444.334:WARNING:pe_image_reader.cc(340)] could not read dos header from C:\Windows\System32\MSASN1.dll
[0723/092444.334:ERROR:process_memory_win.cc(73)] ReadMemory at 0x7ff8a6080000 of 64 bytes failed: Only part of a ReadProcessMemory or WriteProcessMemory request was completed. (0x12B)
[0723/092444.334:WARNING:pe_image_reader.cc(340)] could not read dos header from C:\Windows\System32\CRYPT32.dll
[0723/092444.334:ERROR:process_memory_win.cc(73)] ReadMemory at 0x7ff8a4560000 of 64 bytes failed: Only part of a ReadProcessMemory or WriteProcessMemory request was completed. (0x12B)
[0723/092444.334:WARNING:pe_image_reader.cc(340)] could not read dos header from C:\Windows\SYSTEM32\IPHLPAPI.DLL
[0723/092444.334:ERROR:process_memory_win.cc(73)] ReadMemory at 0x7ff8a0a50000 of 64 bytes failed: Only part of a ReadProcessMemory or WriteProcessMemory request was completed. (0x12B)
[0723/092444.334:WARNING:pe_image_reader.cc(340)] could not read dos header from C:\Windows\SYSTEM32\WINMM.dll
[0723/092444.334:ERROR:process_memory_win.cc(73)] ReadMemory at 0x7ff8945f0000 of 64 bytes failed: Only part of a ReadProcessMemory or WriteProcessMemory request was completed. (0x12B)
[0723/092444.334:WARNING:pe_image_reader.cc(340)] could not read dos header from C:\Windows\SYSTEM32\Secur32.dll
[0723/092444.334:ERROR:process_memory_win.cc(73)] ReadMemory at 0x7ff8a4ed0000 of 64 bytes failed: Only part of a ReadProcessMemory or WriteProcessMemory request was completed. (0x12B)
[0723/092444.334:WARNING:pe_image_reader.cc(340)] could not read dos header from C:\Windows\SYSTEM32\USERENV.dll
[0723/092444.334:ERROR:process_memory_win.cc(73)] ReadMemory at 0x7ff8a5080000 of 64 bytes failed: Only part of a ReadProcessMemory or WriteProcessMemory request was completed. (0x12B)
[0723/092444.334:WARNING:pe_image_reader.cc(340)] could not read dos header from C:\Windows\System32\profapi.dll
[0723/092444.334:ERROR:process_memory_win.cc(73)] ReadMemory at 0x7ff87f8b0000 of 64 bytes failed: Only part of a ReadProcessMemory or WriteProcessMemory request was completed. (0x12B)
[0723/092444.334:WARNING:pe_image_reader.cc(340)] could not read dos header from C:\Windows\SYSTEM32\UIAutomationCore.DLL
[0723/092444.334:ERROR:process_memory_win.cc(73)] ReadMemory at 0x7ff88cae0000 of 64 bytes failed: Only part of a ReadProcessMemory or WriteProcessMemory request was completed. (0x12B)
[0723/092444.334:WARNING:pe_image_reader.cc(340)] could not read dos header from C:\Windows\SYSTEM32\DWrite.dll
[0723/092444.334:ERROR:process_memory_win.cc(73)] ReadMemory at 0x7ff8874e0000 of 64 bytes failed: Only part of a ReadProcessMemory or WriteProcessMemory request was completed. (0x12B)
[0723/092444.334:WARNING:pe_image_reader.cc(340)] could not read dos header from C:\Windows\SYSTEM32\WINSPOOL.DRV
[0723/092444.334:ERROR:process_memory_win.cc(73)] ReadMemory at 0x7ff8a5040000 of 64 bytes failed: Only part of a ReadProcessMemory or WriteProcessMemory request was completed. (0x12B)
[0723/092444.334:WARNING:pe_image_reader.cc(340)] could not read dos header from C:\Windows\System32\kernel.appcore.dll
[0723/092444.334:ERROR:process_memory_win.cc(73)] ReadMemory at 0x7ff8a51a0000 of 64 bytes failed: Only part of a ReadProcessMemory or WriteProcessMemory request was completed. (0x12B)
[0723/092444.334:WARNING:pe_image_reader.cc(340)] could not read dos header from C:\Windows\System32\bcrypt.dll
[0723/092444.334:ERROR:process_memory_win.cc(73)] ReadMemory at 0x7ff8a39d0000 of 64 bytes failed: Only part of a ReadProcessMemory or WriteProcessMemory request was completed. (0x12B)
[0723/092444.334:WARNING:pe_image_reader.cc(340)] could not read dos header from C:\Windows\SYSTEM32\dbghelp.dll
[0723/092444.334:ERROR:process_memory_win.cc(73)] ReadMemory at 0x7ff89c1f0000 of 64 bytes failed: Only part of a ReadProcessMemory or WriteProcessMemory request was completed. (0x12B)
[0723/092444.334:WARNING:pe_image_reader.cc(340)] could not read dos header from C:\Windows\SYSTEM32\WINHTTP.dll
[0723/092444.334:ERROR:process_memory_win.cc(73)] ReadMemory at 0x7ff89efa0000 of 64 bytes failed: Only part of a ReadProcessMemory or WriteProcessMemory request was completed. (0x12B)
[0723/092444.334:WARNING:pe_image_reader.cc(340)] could not read dos header from C:\Windows\SYSTEM32\dhcpcsvc.DLL
[0723/092444.334:ERROR:process_memory_win.cc(73)] ReadMemory at 0x7ff8a6330000 of 64 bytes failed: Only part of a ReadProcessMemory or WriteProcessMemory request was completed. (0x12B)
[0723/092444.334:WARNING:pe_image_reader.cc(340)] could not read dos header from C:\Windows\System32\NSI.dll
[0723/092444.334:ERROR:process_memory_win.cc(73)] ReadMemory at 0x7ff8a0a20000 of 64 bytes failed: Only part of a ReadProcessMemory or WriteProcessMemory request was completed. (0x12B)
[0723/092444.334:WARNING:pe_image_reader.cc(340)] could not read dos header from C:\Windows\SYSTEM32\WINMMBASE.dll
[0723/092444.335:ERROR:process_memory_win.cc(73)] ReadMemory at 0x7ff8a5150000 of 64 bytes failed: Only part of a ReadProcessMemory or WriteProcessMemory request was completed. (0x12B)
[0723/092444.335:WARNING:pe_image_reader.cc(340)] could not read dos header from C:\Windows\System32\cfgmgr32.dll
[0723/092444.335:ERROR:process_memory_win.cc(73)] ReadMemory at 0x7ff8a2580000 of 64 bytes failed: Only part of a ReadProcessMemory or WriteProcessMemory request was completed. (0x12B)
[0723/092444.335:WARNING:pe_image_reader.cc(340)] could not read dos header from C:\Windows\SYSTEM32\PROPSYS.dll
[0723/092444.335:ERROR:process_memory_win.cc(73)] ReadMemory at 0x7ff8a6d60000 of 64 bytes failed: Only part of a ReadProcessMemory or WriteProcessMemory request was completed. (0x12B)
[0723/092444.335:WARNING:pe_image_reader.cc(340)] could not read dos header from C:\Windows\System32\shcore.dll
[0723/092444.335:ERROR:process_memory_win.cc(73)] ReadMemory at 0x7ff8a4f00000 of 64 bytes failed: Only part of a ReadProcessMemory or WriteProcessMemory request was completed. (0x12B)
[0723/092444.335:WARNING:pe_image_reader.cc(340)] could not read dos header from C:\Windows\SYSTEM32\SSPICLI.DLL
[0723/092444.335:ERROR:process_memory_win.cc(73)] ReadMemory at 0x7ff8a64d0000 of 64 bytes failed: Only part of a ReadProcessMemory or WriteProcessMemory request was completed. (0x12B)
[0723/092444.335:WARNING:pe_image_reader.cc(340)] could not read dos header from C:\Windows\System32\SHELL32.dll
[0723/092444.335:ERROR:process_memory_win.cc(73)] ReadMemory at 0x7ff8a5900000 of 64 bytes failed: Only part of a ReadProcessMemory or WriteProcessMemory request was completed. (0x12B)
[0723/092444.335:WARNING:pe_image_reader.cc(340)] could not read dos header from C:\Windows\System32\windows.storage.dll
[0723/092444.335:ERROR:process_memory_win.cc(73)] ReadMemory at 0x7ff8a4ff0000 of 64 bytes failed: Only part of a ReadProcessMemory or WriteProcessMemory request was completed. (0x12B)
[0723/092444.335:WARNING:pe_image_reader.cc(340)] could not read dos header from C:\Windows\System32\powrprof.dll
[0723/092444.335:ERROR:process_memory_win.cc(73)] ReadMemory at 0x7ff8a4fe0000 of 64 bytes failed: Only part of a ReadProcessMemory or WriteProcessMemory request was completed. (0x12B)
[0723/092444.335:WARNING:pe_image_reader.cc(340)] could not read dos header from C:\Windows\System32\UMPDC.dll
[0723/092444.335:ERROR:process_memory_win.cc(73)] ReadMemory at 0x7ff8a8020000 of 64 bytes failed: Only part of a ReadProcessMemory or WriteProcessMemory request was completed. (0x12B)
[0723/092444.335:WARNING:pe_image_reader.cc(340)] could not read dos header from C:\Windows\System32\shlwapi.dll
[0723/092444.335:ERROR:process_memory_win.cc(73)] ReadMemory at 0x7ff8a6360000 of 64 bytes failed: Only part of a ReadProcessMemory or WriteProcessMemory request was completed. (0x12B)
[0723/092444.335:WARNING:pe_image_reader.cc(340)] could not read dos header from C:\Windows\System32\GDI32.dll
[0723/092444.335:ERROR:process_memory_win.cc(73)] ReadMemory at 0x7ff8a52e0000 of 64 bytes failed: Only part of a ReadProcessMemory or WriteProcessMemory request was completed. (0x12B)
[0723/092444.335:WARNING:pe_image_reader.cc(340)] could not read dos header from C:\Windows\System32\win32u.dll
[0723/092444.335:ERROR:process_memory_win.cc(73)] ReadMemory at 0x7ff8a5330000 of 64 bytes failed: Only part of a ReadProcessMemory or WriteProcessMemory request was completed. (0x12B)
[0723/092444.335:WARNING:pe_image_reader.cc(340)] could not read dos header from C:\Windows\System32\gdi32full.dll
[0723/092444.335:ERROR:process_memory_win.cc(73)] ReadMemory at 0x7ff8a6bc0000 of 64 bytes failed: Only part of a ReadProcessMemory or WriteProcessMemory request was completed. (0x12B)
[0723/092444.335:WARNING:pe_image_reader.cc(340)] could not read dos header from C:\Windows\System32\USER32.dll
[0723/092444.335:ERROR:process_memory_win.cc(73)] ReadMemory at 0x7ff8a5310000 of 64 bytes failed: Only part of a ReadProcessMemory or WriteProcessMemory request was completed. (0x12B)
[0723/092444.335:WARNING:pe_image_reader.cc(340)] could not read dos header from C:\Windows\System32\cryptsp.dll
[0723/092444.335:ERROR:process_memory_win.cc(73)] ReadMemory at 0x7ff8a7350000 of 64 bytes failed: Only part of a ReadProcessMemory or WriteProcessMemory request was completed. (0x12B)
[0723/092444.335:WARNING:pe_image_reader.cc(340)] could not read dos header from C:\Windows\System32\IMM32.DLL
[0723/092444.335:ERROR:process_memory_win.cc(73)] ReadMemory at 0x7ff8a4a20000 of 64 bytes failed: Only part of a ReadProcessMemory or WriteProcessMemory request was completed. (0x12B)
[0723/092444.335:WARNING:pe_image_reader.cc(340)] could not read dos header from C:\Windows\SYSTEM32\CRYPTBASE.DLL
[0723/092444.335:ERROR:process_memory_win.cc(73)] ReadMemory at 0x7ff710f40000 of 64 bytes failed: Only part of a ReadProcessMemory or WriteProcessMemory request was completed. (0x12B)
[0723/092444.335:WARNING:pe_image_reader.cc(340)] could not read dos header from C:\Program Files (x86)\Google\Chrome\Application\chrome.exe
[0723/092444.335:ERROR:process_memory_win.cc(73)] ReadMemory at 0x7ff8a8120000 of 64 bytes failed: Only part of a ReadProcessMemory or WriteProcessMemory request was completed. (0x12B)
[0723/092444.335:WARNING:pe_image_reader.cc(340)] could not read dos header from C:\Windows\SYSTEM32\ntdll.dll
[0723/092444.335:ERROR:process_memory_win.cc(73)] ReadMemory at 0x7ff8a7400000 of 64 bytes failed: Only part of a ReadProcessMemory or WriteProcessMemory request was completed. (0x12B)
[0723/092444.335:WARNING:pe_image_reader.cc(340)] could not read dos header from C:\Windows\System32\KERNEL32.DLL
[0723/092444.335:ERROR:process_memory_win.cc(73)] ReadMemory at 0x7ff8a5550000 of 64 bytes failed: Only part of a ReadProcessMemory or WriteProcessMemory request was completed. (0x12B)
[0723/092444.335:WARNING:pe_image_reader.cc(340)] could not read dos header from C:\Windows\System32\KERNELBASE.dll
[0723/092444.335:ERROR:process_memory_win.cc(73)] ReadMemory at 0x7ff871970000 of 64 bytes failed: Only part of a ReadProcessMemory or WriteProcessMemory request was completed. (0x12B)
[0723/092444.335:WARNING:pe_image_reader.cc(340)] could not read dos header from C:\Program Files (x86)\Google\Chrome\Application\84.0.4147.89\chrome_elf.dll
[0723/092444.335:ERROR:process_memory_win.cc(73)] ReadMemory at 0x7ff896c70000 of 64 bytes failed: Only part of a ReadProcessMemory or WriteProcessMemory request was completed. (0x12B)
[0723/092444.336:WARNING:pe_image_reader.cc(340)] could not read dos header from C:\Windows\SYSTEM32\VERSION.dll
[0723/092444.336:ERROR:process_memory_win.cc(73)] ReadMemory at 0x7ff8a7930000 of 64 bytes failed: Only part of a ReadProcessMemory or WriteProcessMemory request was completed. (0x12B)
[0723/092444.336:WARNING:pe_image_reader.cc(340)] could not read dos header from C:\Windows\System32\msvcrt.dll
[0723/092444.336:ERROR:process_memory_win.cc(73)] ReadMemory at 0x7ff8a54d0000 of 64 bytes failed: Only part of a ReadProcessMemory or WriteProcessMemory request was completed. (0x12B)
[0723/092444.336:WARNING:pe_image_reader.cc(340)] could not read dos header from C:\Windows\System32\bcryptPrimitives.dll
[0723/092444.336:ERROR:process_memory_win.cc(73)] ReadMemory at 0x7ff8a7f70000 of 64 bytes failed: Only part of a ReadProcessMemory or WriteProcessMemory request was completed. (0x12B)
[0723/092444.336:WARNING:pe_image_reader.cc(340)] could not read dos header from C:\Windows\System32\ADVAPI32.dll
[0723/092444.336:ERROR:process_memory_win.cc(73)] ReadMemory at 0x7ff8a61d0000 of 64 bytes failed: Only part of a ReadProcessMemory or WriteProcessMemory request was completed. (0x12B)
[0723/092444.336:WARNING:pe_image_reader.cc(340)] could not read dos header from C:\Windows\System32\sechost.dll
[0723/092444.336:ERROR:process_memory_win.cc(73)] ReadMemory at 0x7ff8a7d10000 of 64 bytes failed: Only part of a ReadProcessMemory or WriteProcessMemory request was completed. (0x12B)
[0723/092444.336:WARNING:pe_image_reader.cc(340)] could not read dos header from C:\Windows\System32\RPCRT4.dll
[0723/092444.336:ERROR:process_memory_win.cc(73)] ReadMemory at 0x7ff81c680000 of 64 bytes failed: Only part of a ReadProcessMemory or WriteProcessMemory request was completed. (0x12B)
[0723/092444.336:WARNING:pe_image_reader.cc(340)] could not read dos header from C:\Program Files (x86)\Google\Chrome\Application\84.0.4147.89\chrome.dll
[0723/092444.336:ERROR:process_memory_win.cc(73)] ReadMemory at 0x7ff8a7f00000 of 64 bytes failed: Only part of a ReadProcessMemory or WriteProcessMemory request was completed. (0x12B)
[0723/092444.336:WARNING:pe_image_reader.cc(340)] could not read dos header from C:\Windows\System32\WS2_32.dll
[0723/092444.336:ERROR:process_memory_win.cc(73)] ReadMemory at 0x7ff8a7e30000 of 64 bytes failed: Only part of a ReadProcessMemory or WriteProcessMemory request was completed. (0x12B)
[0723/092444.336:WARNING:pe_image_reader.cc(340)] could not read dos header from C:\Windows\System32\OLEAUT32.dll
[0723/092444.336:ERROR:process_memory_win.cc(73)] ReadMemory at 0x7ff8a50b0000 of 64 bytes failed: Only part of a ReadProcessMemory or WriteProcessMemory request was completed. (0x12B)
[0723/092444.336:WARNING:pe_image_reader.cc(340)] could not read dos header from C:\Windows\System32\msvcp_win.dll
[0723/092444.336:ERROR:process_memory_win.cc(73)] ReadMemory at 0x7ff8a5800000 of 64 bytes failed: Only part of a ReadProcessMemory or WriteProcessMemory request was completed. (0x12B)
[0723/092444.336:WARNING:pe_image_reader.cc(340)] could not read dos header from C:\Windows\System32\ucrtbase.dll
[0723/092444.336:ERROR:process_memory_win.cc(73)] ReadMemory at 0x7ff8a79d0000 of 64 bytes failed: Only part of a ReadProcessMemory or WriteProcessMemory request was completed. (0x12B)
[0723/092444.336:WARNING:pe_image_reader.cc(340)] could not read dos header from C:\Windows\System32\combase.dll
[0723/092444.336:ERROR:process_memory_win.cc(73)] ReadMemory at 0x7ff8a5280000 of 64 bytes failed: Only part of a ReadProcessMemory or WriteProcessMemory request was completed. (0x12B)
[0723/092444.336:WARNING:pe_image_reader.cc(340)] could not read dos header from C:\Windows\System32\WINTRUST.dll
[0723/092444.336:ERROR:process_memory_win.cc(73)] ReadMemory at 0x7ff8a5060000 of 64 bytes failed: Only part of a ReadProcessMemory or WriteProcessMemory request was completed. (0x12B)
[0723/092444.336:WARNING:pe_image_reader.cc(340)] could not read dos header from C:\Windows\System32\MSASN1.dll
[0723/092444.336:ERROR:process_memory_win.cc(73)] ReadMemory at 0x7ff8a6080000 of 64 bytes failed: Only part of a ReadProcessMemory or WriteProcessMemory request was completed. (0x12B)
[0723/092444.336:WARNING:pe_image_reader.cc(340)] could not read dos header from C:\Windows\System32\CRYPT32.dll
[0723/092444.336:ERROR:process_memory_win.cc(73)] ReadMemory at 0x7ff8a4560000 of 64 bytes failed: Only part of a ReadProcessMemory or WriteProcessMemory request was completed. (0x12B)
[0723/092444.336:WARNING:pe_image_reader.cc(340)] could not read dos header from C:\Windows\SYSTEM32\IPHLPAPI.DLL
[0723/092444.336:ERROR:process_memory_win.cc(73)] ReadMemory at 0x7ff8a0a50000 of 64 bytes failed: Only part of a ReadProcessMemory or WriteProcessMemory request was completed. (0x12B)
[0723/092444.336:WARNING:pe_image_reader.cc(340)] could not read dos header from C:\Windows\SYSTEM32\WINMM.dll
[0723/092444.336:ERROR:process_memory_win.cc(73)] ReadMemory at 0x7ff8945f0000 of 64 bytes failed: Only part of a ReadProcessMemory or WriteProcessMemory request was completed. (0x12B)
[0723/092444.336:WARNING:pe_image_reader.cc(340)] could not read dos header from C:\Windows\SYSTEM32\Secur32.dll
[0723/092444.336:ERROR:process_memory_win.cc(73)] ReadMemory at 0x7ff8a4ed0000 of 64 bytes failed: Only part of a ReadProcessMemory or WriteProcessMemory request was completed. (0x12B)
[0723/092444.336:WARNING:pe_image_reader.cc(340)] could not read dos header from C:\Windows\SYSTEM32\USERENV.dll
[0723/092444.336:ERROR:process_memory_win.cc(73)] ReadMemory at 0x7ff8a5080000 of 64 bytes failed: Only part of a ReadProcessMemory or WriteProcessMemory request was completed. (0x12B)
[0723/092444.336:WARNING:pe_image_reader.cc(340)] could not read dos header from C:\Windows\System32\profapi.dll
[0723/092444.336:ERROR:process_memory_win.cc(73)] ReadMemory at 0x7ff87f8b0000 of 64 bytes failed: Only part of a ReadProcessMemory or WriteProcessMemory request was completed. (0x12B)
[0723/092444.336:WARNING:pe_image_reader.cc(340)] could not read dos header from C:\Windows\SYSTEM32\UIAutomationCore.DLL
[0723/092444.336:ERROR:process_memory_win.cc(73)] ReadMemory at 0x7ff88cae0000 of 64 bytes failed: Only part of a ReadProcessMemory or WriteProcessMemory request was completed. (0x12B)
[0723/092444.336:WARNING:pe_image_reader.cc(340)] could not read dos header from C:\Windows\SYSTEM32\DWrite.dll
[0723/092444.337:ERROR:process_memory_win.cc(73)] ReadMemory at 0x7ff8874e0000 of 64 bytes failed: Only part of a ReadProcessMemory or WriteProcessMemory request was completed. (0x12B)
[0723/092444.337:WARNING:pe_image_reader.cc(340)] could not read dos header from C:\Windows\SYSTEM32\WINSPOOL.DRV
[0723/092444.337:ERROR:process_memory_win.cc(73)] ReadMemory at 0x7ff8a5040000 of 64 bytes failed: Only part of a ReadProcessMemory or WriteProcessMemory request was completed. (0x12B)
[0723/092444.337:WARNING:pe_image_reader.cc(340)] could not read dos header from C:\Windows\System32\kernel.appcore.dll
[0723/092444.337:ERROR:process_memory_win.cc(73)] ReadMemory at 0x7ff8a51a0000 of 64 bytes failed: Only part of a ReadProcessMemory or WriteProcessMemory request was completed. (0x12B)
[0723/092444.337:WARNING:pe_image_reader.cc(340)] could not read dos header from C:\Windows\System32\bcrypt.dll
[0723/092444.337:ERROR:process_memory_win.cc(73)] ReadMemory at 0x7ff8a39d0000 of 64 bytes failed: Only part of a ReadProcessMemory or WriteProcessMemory request was completed. (0x12B)
[0723/092444.337:WARNING:pe_image_reader.cc(340)] could not read dos header from C:\Windows\SYSTEM32\dbghelp.dll
[0723/092444.337:ERROR:process_memory_win.cc(73)] ReadMemory at 0x7ff89c1f0000 of 64 bytes failed: Only part of a ReadProcessMemory or WriteProcessMemory request was completed. (0x12B)
[0723/092444.337:WARNING:pe_image_reader.cc(340)] could not read dos header from C:\Windows\SYSTEM32\WINHTTP.dll
[0723/092444.337:ERROR:process_memory_win.cc(73)] ReadMemory at 0x7ff89efa0000 of 64 bytes failed: Only part of a ReadProcessMemory or WriteProcessMemory request was completed. (0x12B)
[0723/092444.337:WARNING:pe_image_reader.cc(340)] could not read dos header from C:\Windows\SYSTEM32\dhcpcsvc.DLL
[0723/092444.337:ERROR:process_memory_win.cc(73)] ReadMemory at 0x7ff8a6330000 of 64 bytes failed: Only part of a ReadProcessMemory or WriteProcessMemory request was completed. (0x12B)
[0723/092444.337:WARNING:pe_image_reader.cc(340)] could not read dos header from C:\Windows\System32\NSI.dll
[0723/092444.337:ERROR:process_memory_win.cc(73)] ReadMemory at 0x7ff8a0a20000 of 64 bytes failed: Only part of a ReadProcessMemory or WriteProcessMemory request was completed. (0x12B)
[0723/092444.337:WARNING:pe_image_reader.cc(340)] could not read dos header from C:\Windows\SYSTEM32\WINMMBASE.dll
[0723/092444.337:ERROR:process_memory_win.cc(73)] ReadMemory at 0x7ff8a5150000 of 64 bytes failed: Only part of a ReadProcessMemory or WriteProcessMemory request was completed. (0x12B)
[0723/092444.337:WARNING:pe_image_reader.cc(340)] could not read dos header from C:\Windows\System32\cfgmgr32.dll
[0723/092444.337:ERROR:process_memory_win.cc(73)] ReadMemory at 0x7ff8a2580000 of 64 bytes failed: Only part of a ReadProcessMemory or WriteProcessMemory request was completed. (0x12B)
[0723/092444.337:WARNING:pe_image_reader.cc(340)] could not read dos header from C:\Windows\SYSTEM32\PROPSYS.dll
[0723/092444.337:ERROR:process_memory_win.cc(73)] ReadMemory at 0x7ff8a6d60000 of 64 bytes failed: Only part of a ReadProcessMemory or WriteProcessMemory request was completed. (0x12B)
[0723/092444.337:WARNING:pe_image_reader.cc(340)] could not read dos header from C:\Windows\System32\shcore.dll
[0723/092444.337:ERROR:process_memory_win.cc(73)] ReadMemory at 0x7ff8a4f00000 of 64 bytes failed: Only part of a ReadProcessMemory or WriteProcessMemory request was completed. (0x12B)
[0723/092444.337:WARNING:pe_image_reader.cc(340)] could not read dos header from C:\Windows\SYSTEM32\SSPICLI.DLL
[0723/092444.337:ERROR:process_memory_win.cc(73)] ReadMemory at 0x7ff8a64d0000 of 64 bytes failed: Only part of a ReadProcessMemory or WriteProcessMemory request was completed. (0x12B)
[0723/092444.337:WARNING:pe_image_reader.cc(340)] could not read dos header from C:\Windows\System32\SHELL32.dll
[0723/092444.337:ERROR:process_memory_win.cc(73)] ReadMemory at 0x7ff8a5900000 of 64 bytes failed: Only part of a ReadProcessMemory or WriteProcessMemory request was completed. (0x12B)
[0723/092444.337:WARNING:pe_image_reader.cc(340)] could not read dos header from C:\Windows\System32\windows.storage.dll
[0723/092444.337:ERROR:process_memory_win.cc(73)] ReadMemory at 0x7ff8a4ff0000 of 64 bytes failed: Only part of a ReadProcessMemory or WriteProcessMemory request was completed. (0x12B)
[0723/092444.337:WARNING:pe_image_reader.cc(340)] could not read dos header from C:\Windows\System32\powrprof.dll
[0723/092444.337:ERROR:process_memory_win.cc(73)] ReadMemory at 0x7ff8a4fe0000 of 64 bytes failed: Only part of a ReadProcessMemory or WriteProcessMemory request was completed. (0x12B)
[0723/092444.337:WARNING:pe_image_reader.cc(340)] could not read dos header from C:\Windows\System32\UMPDC.dll
[0723/092444.337:ERROR:process_memory_win.cc(73)] ReadMemory at 0x7ff8a8020000 of 64 bytes failed: Only part of a ReadProcessMemory or WriteProcessMemory request was completed. (0x12B)
[0723/092444.337:WARNING:pe_image_reader.cc(340)] could not read dos header from C:\Windows\System32\shlwapi.dll
[0723/092444.337:ERROR:process_memory_win.cc(73)] ReadMemory at 0x7ff8a6360000 of 64 bytes failed: Only part of a ReadProcessMemory or WriteProcessMemory request was completed. (0x12B)
[0723/092444.337:WARNING:pe_image_reader.cc(340)] could not read dos header from C:\Windows\System32\GDI32.dll
[0723/092444.337:ERROR:process_memory_win.cc(73)] ReadMemory at 0x7ff8a52e0000 of 64 bytes failed: Only part of a ReadProcessMemory or WriteProcessMemory request was completed. (0x12B)
[0723/092444.337:WARNING:pe_image_reader.cc(340)] could not read dos header from C:\Windows\System32\win32u.dll
[0723/092444.337:ERROR:process_memory_win.cc(73)] ReadMemory at 0x7ff8a5330000 of 64 bytes failed: Only part of a ReadProcessMemory or WriteProcessMemory request was completed. (0x12B)
[0723/092444.337:WARNING:pe_image_reader.cc(340)] could not read dos header from C:\Windows\System32\gdi32full.dll
[0723/092444.337:ERROR:process_memory_win.cc(73)] ReadMemory at 0x7ff8a6bc0000 of 64 bytes failed: Only part of a ReadProcessMemory or WriteProcessMemory request was completed. (0x12B)
[0723/092444.337:WARNING:pe_image_reader.cc(340)] could not read dos header from C:\Windows\System32\USER32.dll
[0723/092444.337:ERROR:process_memory_win.cc(73)] ReadMemory at 0x7ff8a5310000 of 64 bytes failed: Only part of a ReadProcessMemory or WriteProcessMemory request was completed. (0x12B)
[0723/092444.337:WARNING:pe_image_reader.cc(340)] could not read dos header from C:\Windows\System32\cryptsp.dll
[0723/092444.337:ERROR:process_memory_win.cc(73)] ReadMemory at 0x7ff8a7350000 of 64 bytes failed: Only part of a ReadProcessMemory or WriteProcessMemory request was completed. (0x12B)
[0723/092444.337:WARNING:pe_image_reader.cc(340)] could not read dos header from C:\Windows\System32\IMM32.DLL
[0723/092444.337:ERROR:process_memory_win.cc(73)] ReadMemory at 0x7ff8a4a20000 of 64 bytes failed: Only part of a ReadProcessMemory or WriteProcessMemory request was completed. (0x12B)
[0723/092444.337:WARNING:pe_image_reader.cc(340)] could not read dos header from C:\Windows\SYSTEM32\CRYPTBASE.DLL
[0723/092444.342:ERROR:process_memory_win.cc(73)] ReadMemory at 0xf4d59f5000 of 45056 bytes failed: Only part of a ReadProcessMemory or WriteProcessMemory request was completed. (0x12B)
[0723/092444.342:ERROR:process_memory_win.cc(73)] ReadMemory at 0xf4d61fd000 of 12288 bytes failed: Only part of a ReadProcessMemory or WriteProcessMemory request was completed. (0x12B)
[0723/092444.342:ERROR:process_memory_win.cc(73)] ReadMemory at 0xf4d69fc000 of 16384 bytes failed: Only part of a ReadProcessMemory or WriteProcessMemory request was completed. (0x12B)
[0723/092444.342:ERROR:process_memory_win.cc(73)] ReadMemory at 0xf4d5083000 of 852 bytes failed: Only part of a ReadProcessMemory or WriteProcessMemory request was completed. (0x12B)
[0723/092444.342:ERROR:process_memory_win.cc(73)] ReadMemory at 0xf4d5084000 of 6024 bytes failed: Only part of a ReadProcessMemory or WriteProcessMemory request was completed. (0x12B)
[0723/092444.342:ERROR:process_memory_win.cc(73)] ReadMemory at 0xf4d5086000 of 6024 bytes failed: Only part of a ReadProcessMemory or WriteProcessMemory request was completed. (0x12B)
[0723/092444.342:ERROR:process_memory_win.cc(73)] ReadMemory at 0xf4d5088000 of 6024 bytes failed: Only part of a ReadProcessMemory or WriteProcessMemory request was completed. (0x12B)
[0723/092444.342:ERROR:process_memory_win.cc(73)] ReadMemory at 0x232ad4e0fe0 of 10572 bytes failed: Only part of a ReadProcessMemory or WriteProcessMemory request was completed. (0x12B)
[0723/092444.342:ERROR:process_memory_win.cc(73)] ReadMemory at 0x232ad4e3940 of 1012 bytes failed: Only part of a ReadProcessMemory or WriteProcessMemory request was completed. (0x12B)
[0723/092444.342:ERROR:process_memory_win.cc(73)] ReadMemory at 0x232ad4e3f88 of 118 bytes failed: Only part of a ReadProcessMemory or WriteProcessMemory request was completed. (0x12B)
[0723/092444.342:ERROR:process_memory_win.cc(73)] ReadMemory at 0x232ad4e4000 of 1218 bytes failed: Only part of a ReadProcessMemory or WriteProcessMemory request was completed. (0x12B)
[0723/092444.343:ERROR:process_memory_win.cc(73)] ReadMemory at 0x232ad4e44c4 of 118 bytes failed: Only part of a ReadProcessMemory or WriteProcessMemory request was completed. (0x12B)
[0723/092444.343:ERROR:process_memory_win.cc(73)] ReadMemory at 0x232ad4e453c of 96 bytes failed: Only part of a ReadProcessMemory or WriteProcessMemory request was completed. (0x12B)
[0723/092444.343:ERROR:process_memory_win.cc(73)] ReadMemory at 0x232ad4e45b0 of 58 bytes failed: Only part of a ReadProcessMemory or WriteProcessMemory request was completed. (0x12B)
[0723/092444.343:ERROR:process_memory_win.cc(73)] ReadMemory at 0x232ad4e46b0 of 132 bytes failed: Only part of a ReadProcessMemory or WriteProcessMemory request was completed. (0x12B)
[0723/092444.343:ERROR:process_memory_win.cc(73)] ReadMemory at 0x232ad4e4840 of 132 bytes failed: Only part of a ReadProcessMemory or WriteProcessMemory request was completed. (0x12B)
[0723/092444.343:ERROR:process_memory_win.cc(73)] ReadMemory at 0x232ad4e4a00 of 124 bytes failed: Only part of a ReadProcessMemory or WriteProcessMemory request was completed. (0x12B)
[0723/092444.343:ERROR:process_memory_win.cc(73)] ReadMemory at 0x232ad4e4de0 of 132 bytes failed: Only part of a ReadProcessMemory or WriteProcessMemory request was completed. (0x12B)
[0723/092444.343:ERROR:process_memory_win.cc(73)] ReadMemory at 0x232ad4e4f70 of 64 bytes failed: Only part of a ReadProcessMemory or WriteProcessMemory request was completed. (0x12B)
[0723/092444.343:ERROR:process_memory_win.cc(73)] ReadMemory at 0x232ad4e5140 of 132 bytes failed: Only part of a ReadProcessMemory or WriteProcessMemory request was completed. (0x12B)
[0723/092444.343:ERROR:process_memory_win.cc(73)] ReadMemory at 0x232ad4e53e0 of 132 bytes failed: Only part of a ReadProcessMemory or WriteProcessMemory request was completed. (0x12B)
[0723/092444.343:ERROR:process_memory_win.cc(73)] ReadMemory at 0x232ad4e5570 of 68 bytes failed: Only part of a ReadProcessMemory or WriteProcessMemory request was completed. (0x12B)
[0723/092444.343:ERROR:process_memory_win.cc(73)] ReadMemory at 0x232ad4e6720 of 132 bytes failed: Only part of a ReadProcessMemory or WriteProcessMemory request was completed. (0x12B)
[0723/092444.343:ERROR:process_memory_win.cc(73)] ReadMemory at 0x232ad4e68b0 of 152 bytes failed: Only part of a ReadProcessMemory or WriteProcessMemory request was completed. (0x12B)
[0723/092444.343:ERROR:process_memory_win.cc(73)] ReadMemory at 0x232ad4e77c0 of 132 bytes failed: Only part of a ReadProcessMemory or WriteProcessMemory request was completed. (0x12B)
[0723/092444.343:ERROR:process_memory_win.cc(73)] ReadMemory at 0x232ad4e7950 of 60 bytes failed: Only part of a ReadProcessMemory or WriteProcessMemory request was completed. (0x12B)
[0723/092444.343:ERROR:process_memory_win.cc(73)] ReadMemory at 0x232ad4e8f60 of 62 bytes failed: Only part of a ReadProcessMemory or WriteProcessMemory request was completed. (0x12B)
[0723/092444.343:ERROR:process_memory_win.cc(73)] ReadMemory at 0x232ad4ee8b0 of 54 bytes failed: Only part of a ReadProcessMemory or WriteProcessMemory request was completed. (0x12B)
[0723/092444.343:ERROR:process_memory_win.cc(73)] ReadMemory at 0x232ad4f24a0 of 80 bytes failed: Only part of a ReadProcessMemory or WriteProcessMemory request was completed. (0x12B)
[0723/092444.343:ERROR:process_memory_win.cc(73)] ReadMemory at 0x232ad4f57c0 of 144 bytes failed: Only part of a ReadProcessMemory or WriteProcessMemory request was completed. (0x12B)
[0723/092444.343:ERROR:process_memory_win.cc(73)] ReadMemory at 0x232ad4f5920 of 132 bytes failed: Only part of a ReadProcessMemory or WriteProcessMemory request was completed. (0x12B)
[0723/092444.343:ERROR:process_memory_win.cc(73)] ReadMemory at 0x232ad4f5a50 of 132 bytes failed: Only part of a ReadProcessMemory or WriteProcessMemory request was completed. (0x12B)
[0723/092444.343:ERROR:process_memory_win.cc(73)] ReadMemory at 0x232ad4f5cb0 of 132 bytes failed: Only part of a ReadProcessMemory or WriteProcessMemory request was completed. (0x12B)
[0723/092444.343:ERROR:process_memory_win.cc(73)] ReadMemory at 0x232ad4f69d0 of 132 bytes failed: Only part of a ReadProcessMemory or WriteProcessMemory request was completed. (0x12B)
[0723/092444.343:ERROR:process_memory_win.cc(73)] ReadMemory at 0x232ad4f6b30 of 132 bytes failed: Only part of a ReadProcessMemory or WriteProcessMemory request was completed. (0x12B)
[0723/092444.343:ERROR:process_memory_win.cc(73)] ReadMemory at 0x232ad4f7120 of 132 bytes failed: Only part of a ReadProcessMemory or WriteProcessMemory request was completed. (0x12B)
[0723/092444.344:ERROR:process_memory_win.cc(73)] ReadMemory at 0x232ad4f7250 of 132 bytes failed: Only part of a ReadProcessMemory or WriteProcessMemory request was completed. (0x12B)
[0723/092444.344:ERROR:process_memory_win.cc(73)] ReadMemory at 0x232ad4f7380 of 132 bytes failed: Only part of a ReadProcessMemory or WriteProcessMemory request was completed. (0x12B)
[0723/092444.344:ERROR:process_memory_win.cc(73)] ReadMemory at 0x232ad4f74b0 of 132 bytes failed: Only part of a ReadProcessMemory or WriteProcessMemory request was completed. (0x12B)
[0723/092444.344:ERROR:process_memory_win.cc(73)] ReadMemory at 0x232ad4f75e0 of 132 bytes failed: Only part of a ReadProcessMemory or WriteProcessMemory request was completed. (0x12B)
[0723/092444.344:ERROR:process_memory_win.cc(73)] ReadMemory at 0x232ad4f7710 of 132 bytes failed: Only part of a ReadProcessMemory or WriteProcessMemory request was completed. (0x12B)
[0723/092444.344:ERROR:process_memory_win.cc(73)] ReadMemory at 0x232ad4f7840 of 132 bytes failed: Only part of a ReadProcessMemory or WriteProcessMemory request was completed. (0x12B)
[0723/092444.344:ERROR:process_memory_win.cc(73)] ReadMemory at 0x232ad4f7970 of 132 bytes failed: Only part of a ReadProcessMemory or WriteProcessMemory request was completed. (0x12B)
[0723/092444.344:ERROR:process_memory_win.cc(73)] ReadMemory at 0x232ad4f7aa0 of 132 bytes failed: Only part of a ReadProcessMemory or WriteProcessMemory request was completed. (0x12B)
[0723/092444.344:ERROR:process_memory_win.cc(73)] ReadMemory at 0x232ad4f7bd0 of 132 bytes failed: Only part of a ReadProcessMemory or WriteProcessMemory request was completed. (0x12B)
[0723/092444.344:ERROR:process_memory_win.cc(73)] ReadMemory at 0x232ad4f7d00 of 132 bytes failed: Only part of a ReadProcessMemory or WriteProcessMemory request was completed. (0x12B)
[0723/092444.344:ERROR:process_memory_win.cc(73)] ReadMemory at 0x232ad4f7e30 of 132 bytes failed: Only part of a ReadProcessMemory or WriteProcessMemory request was completed. (0x12B)
[0723/092444.344:ERROR:process_memory_win.cc(73)] ReadMemory at 0x232ad4f7f60 of 132 bytes failed: Only part of a ReadProcessMemory or WriteProcessMemory request was completed. (0x12B)
[0723/092444.344:ERROR:process_memory_win.cc(73)] ReadMemory at 0x232ad4f8090 of 132 bytes failed: Only part of a ReadProcessMemory or WriteProcessMemory request was completed. (0x12B)
[0723/092444.344:ERROR:process_memory_win.cc(73)] ReadMemory at 0x232ad4f81c0 of 132 bytes failed: Only part of a ReadProcessMemory or WriteProcessMemory request was completed. (0x12B)
[0723/092444.344:ERROR:process_memory_win.cc(73)] ReadMemory at 0x232ad4f82f0 of 132 bytes failed: Only part of a ReadProcessMemory or WriteProcessMemory request was completed. (0x12B)
[0723/092444.344:ERROR:process_memory_win.cc(73)] ReadMemory at 0x232ad4f8420 of 132 bytes failed: Only part of a ReadProcessMemory or WriteProcessMemory request was completed. (0x12B)
[0723/092444.344:ERROR:process_memory_win.cc(73)] ReadMemory at 0x232ad4f8550 of 132 bytes failed: Only part of a ReadProcessMemory or WriteProcessMemory request was completed. (0x12B)
[0723/092444.344:ERROR:process_memory_win.cc(73)] ReadMemory at 0x232ad4f8680 of 132 bytes failed: Only part of a ReadProcessMemory or WriteProcessMemory request was completed. (0x12B)
[0723/092444.344:ERROR:process_memory_win.cc(73)] ReadMemory at 0x232ad4f87b0 of 132 bytes failed: Only part of a ReadProcessMemory or WriteProcessMemory request was completed. (0x12B)
[0723/092444.344:ERROR:process_memory_win.cc(73)] ReadMemory at 0x232ad4f88e0 of 132 bytes failed: Only part of a ReadProcessMemory or WriteProcessMemory request was completed. (0x12B)
[0723/092444.344:ERROR:process_memory_win.cc(73)] ReadMemory at 0x232ad4f8a10 of 132 bytes failed: Only part of a ReadProcessMemory or WriteProcessMemory request was completed. (0x12B)
[0723/092444.344:ERROR:process_memory_win.cc(73)] ReadMemory at 0x232ad4f8b40 of 132 bytes failed: Only part of a ReadProcessMemory or WriteProcessMemory request was completed. (0x12B)
[0723/092444.344:ERROR:process_memory_win.cc(73)] ReadMemory at 0x232ad4f8c70 of 132 bytes failed: Only part of a ReadProcessMemory or WriteProcessMemory request was completed. (0x12B)
[0723/092444.344:ERROR:process_memory_win.cc(73)] ReadMemory at 0x232ad4f8da0 of 132 bytes failed: Only part of a ReadProcessMemory or WriteProcessMemory request was completed. (0x12B)
[0723/092444.345:ERROR:process_memory_win.cc(73)] ReadMemory at 0x232ad4f8ed0 of 132 bytes failed: Only part of a ReadProcessMemory or WriteProcessMemory request was completed. (0x12B)
[0723/092444.345:ERROR:process_memory_win.cc(73)] ReadMemory at 0x232ad4fd360 of 64 bytes failed: Only part of a ReadProcessMemory or WriteProcessMemory request was completed. (0x12B)
[0723/092444.345:ERROR:process_memory_win.cc(73)] ReadMemory at 0x232ad4fd400 of 66 bytes failed: Only part of a ReadProcessMemory or WriteProcessMemory request was completed. (0x12B)
[0723/092444.345:ERROR:process_memory_win.cc(73)] ReadMemory at 0x232ad4fd4f0 of 62 bytes failed: Only part of a ReadProcessMemory or WriteProcessMemory request was completed. (0x12B)
[0723/092444.345:ERROR:process_memory_win.cc(73)] ReadMemory at 0x232ad4fd540 of 62 bytes failed: Only part of a ReadProcessMemory or WriteProcessMemory request was completed. (0x12B)
[0723/092444.345:ERROR:process_memory_win.cc(73)] ReadMemory at 0x232ad4fd5e0 of 62 bytes failed: Only part of a ReadProcessMemory or WriteProcessMemory request was completed. (0x12B)
[0723/092444.345:ERROR:process_memory_win.cc(73)] ReadMemory at 0x232ad4fd720 of 62 bytes failed: Only part of a ReadProcessMemory or WriteProcessMemory request was completed. (0x12B)
[0723/092444.345:ERROR:process_memory_win.cc(73)] ReadMemory at 0x232ad4fd770 of 62 bytes failed: Only part of a ReadProcessMemory or WriteProcessMemory request was completed. (0x12B)
[0723/092444.345:ERROR:process_memory_win.cc(73)] ReadMemory at 0x232ad4fd7c0 of 64 bytes failed: Only part of a ReadProcessMemory or WriteProcessMemory request was completed. (0x12B)
[0723/092444.345:ERROR:process_memory_win.cc(73)] ReadMemory at 0x232ad4fd860 of 62 bytes failed: Only part of a ReadProcessMemory or WriteProcessMemory request was completed. (0x12B)
[0723/092444.345:ERROR:process_memory_win.cc(73)] ReadMemory at 0x232ad4fd950 of 62 bytes failed: Only part of a ReadProcessMemory or WriteProcessMemory request was completed. (0x12B)
[0723/092444.345:ERROR:process_memory_win.cc(73)] ReadMemory at 0x232ad4fda40 of 64 bytes failed: Only part of a ReadProcessMemory or WriteProcessMemory request was completed. (0x12B)
[0723/092444.345:ERROR:process_memory_win.cc(73)] ReadMemory at 0x232ad4fda90 of 60 bytes failed: Only part of a ReadProcessMemory or WriteProcessMemory request was completed. (0x12B)
[0723/092444.345:ERROR:process_memory_win.cc(73)] ReadMemory at 0x232ad4fdb80 of 60 bytes failed: Only part of a ReadProcessMemory or WriteProcessMemory request was completed. (0x12B)
[0723/092444.345:ERROR:process_memory_win.cc(73)] ReadMemory at 0x232ad4fdbd0 of 58 bytes failed: Only part of a ReadProcessMemory or WriteProcessMemory request was completed. (0x12B)
[0723/092444.345:ERROR:process_memory_win.cc(73)] ReadMemory at 0x232ad4fdc70 of 60 bytes failed: Only part of a ReadProcessMemory or WriteProcessMemory request was completed. (0x12B)
[0723/092444.345:ERROR:process_memory_win.cc(73)] ReadMemory at 0x232ad4fdcc0 of 60 bytes failed: Only part of a ReadProcessMemory or WriteProcessMemory request was completed. (0x12B)
[0723/092444.345:ERROR:process_memory_win.cc(73)] ReadMemory at 0x232ad4fddb0 of 64 bytes failed: Only part of a ReadProcessMemory or WriteProcessMemory request was completed. (0x12B)
[0723/092444.345:ERROR:process_memory_win.cc(73)] ReadMemory at 0x232ad4fde00 of 64 bytes failed: Only part of a ReadProcessMemory or WriteProcessMemory request was completed. (0x12B)
[0723/092444.345:ERROR:process_memory_win.cc(73)] ReadMemory at 0x232ad4fde50 of 62 bytes failed: Only part of a ReadProcessMemory or WriteProcessMemory request was completed. (0x12B)
[0723/092444.345:ERROR:process_memory_win.cc(73)] ReadMemory at 0x232ad4fdea0 of 62 bytes failed: Only part of a ReadProcessMemory or WriteProcessMemory request was completed. (0x12B)
[0723/092444.345:ERROR:process_memory_win.cc(73)] ReadMemory at 0x232ad4fdf40 of 60 bytes failed: Only part of a ReadProcessMemory or WriteProcessMemory request was completed. (0x12B)
[0723/092444.345:ERROR:process_memory_win.cc(73)] ReadMemory at 0x232ad4fdf90 of 64 bytes failed: Only part of a ReadProcessMemory or WriteProcessMemory request was completed. (0x12B)
[0723/092444.345:ERROR:process_memory_win.cc(73)] ReadMemory at 0x232ad4fdfe0 of 64 bytes failed: Only part of a ReadProcessMemory or WriteProcessMemory request was completed. (0x12B)
[0723/092444.346:ERROR:process_memory_win.cc(73)] ReadMemory at 0x232ad4fe170 of 60 bytes failed: Only part of a ReadProcessMemory or WriteProcessMemory request was completed. (0x12B)
[0723/092444.346:ERROR:process_memory_win.cc(73)] ReadMemory at 0x232ad4fe210 of 62 bytes failed: Only part of a ReadProcessMemory or WriteProcessMemory request was completed. (0x12B)
[0723/092444.346:ERROR:process_memory_win.cc(73)] ReadMemory at 0x232ad4fe260 of 64 bytes failed: Only part of a ReadProcessMemory or WriteProcessMemory request was completed. (0x12B)
[0723/092444.346:ERROR:process_memory_win.cc(73)] ReadMemory at 0x232ad4fe2b0 of 66 bytes failed: Only part of a ReadProcessMemory or WriteProcessMemory request was completed. (0x12B)
[0723/092444.346:ERROR:process_memory_win.cc(73)] ReadMemory at 0x232ad4ffe30 of 132 bytes failed: Only part of a ReadProcessMemory or WriteProcessMemory request was completed. (0x12B)
[0723/092444.346:ERROR:process_memory_win.cc(73)] ReadMemory at 0x232ad4fff60 of 132 bytes failed: Only part of a ReadProcessMemory or WriteProcessMemory request was completed. (0x12B)
[0723/092444.346:ERROR:process_memory_win.cc(73)] ReadMemory at 0x232ad500090 of 132 bytes failed: Only part of a ReadProcessMemory or WriteProcessMemory request was completed. (0x12B)
[0723/092444.346:ERROR:process_memory_win.cc(73)] ReadMemory at 0x232ad5001c0 of 132 bytes failed: Only part of a ReadProcessMemory or WriteProcessMemory request was completed. (0x12B)
[0723/092444.346:ERROR:process_memory_win.cc(73)] ReadMemory at 0x232ad5002f0 of 132 bytes failed: Only part of a ReadProcessMemory or WriteProcessMemory request was completed. (0x12B)
[0723/092444.346:ERROR:process_memory_win.cc(73)] ReadMemory at 0x232ad500420 of 132 bytes failed: Only part of a ReadProcessMemory or WriteProcessMemory request was completed. (0x12B)
[0723/092444.346:ERROR:process_memory_win.cc(73)] ReadMemory at 0x232ad502fd0 of 132 bytes failed: Only part of a ReadProcessMemory or WriteProcessMemory request was completed. (0x12B)
[0723/092444.346:ERROR:process_memory_win.cc(73)] ReadMemory at 0x232ad5052f0 of 132 bytes failed: Only part of a ReadProcessMemory or WriteProcessMemory request was completed. (0x12B)
[0723/092444.346:ERROR:process_memory_win.cc(73)] ReadMemory at 0x232ad505510 of 132 bytes failed: Only part of a ReadProcessMemory or WriteProcessMemory request was completed. (0x12B)
[0723/092444.346:ERROR:process_memory_win.cc(73)] ReadMemory at 0x232ad505870 of 132 bytes failed: Only part of a ReadProcessMemory or WriteProcessMemory request was completed. (0x12B)
[0723/092444.346:ERROR:process_memory_win.cc(73)] ReadMemory at 0x232ad505a80 of 132 bytes failed: Only part of a ReadProcessMemory or WriteProcessMemory request was completed. (0x12B)
[0723/092444.346:ERROR:process_memory_win.cc(73)] ReadMemory at 0x232ad506880 of 80 bytes failed: Only part of a ReadProcessMemory or WriteProcessMemory request was completed. (0x12B)
[0723/092444.346:ERROR:process_memory_win.cc(73)] ReadMemory at 0x232ad507600 of 76 bytes failed: Only part of a ReadProcessMemory or WriteProcessMemory request was completed. (0x12B)
[0723/092444.346:ERROR:process_memory_win.cc(73)] ReadMemory at 0x232ad507cb0 of 78 bytes failed: Only part of a ReadProcessMemory or WriteProcessMemory request was completed. (0x12B)
[0723/092444.346:ERROR:process_memory_win.cc(73)] ReadMemory at 0x232ad520a30 of 512 bytes failed: Only part of a ReadProcessMemory or WriteProcessMemory request was completed. (0x12B)
[0723/092444.346:ERROR:process_memory_win.cc(73)] ReadMemory at 0x232ad52d060 of 62 bytes failed: Only part of a ReadProcessMemory or WriteProcessMemory request was completed. (0x12B)
[0723/092444.346:ERROR:process_memory_win.cc(73)] ReadMemory at 0x232ad52d1f0 of 60 bytes failed: Only part of a ReadProcessMemory or WriteProcessMemory request was completed. (0x12B)
[0723/092444.346:ERROR:process_memory_win.cc(73)] ReadMemory at 0x232ad52d290 of 58 bytes failed: Only part of a ReadProcessMemory or WriteProcessMemory request was completed. (0x12B)
[0723/092444.346:ERROR:process_memory_win.cc(73)] ReadMemory at 0x232ad52d5b0 of 64 bytes failed: Only part of a ReadProcessMemory or WriteProcessMemory request was completed. (0x12B)
[0723/092444.346:ERROR:process_memory_win.cc(73)] ReadMemory at 0x232ad52d600 of 62 bytes failed: Only part of a ReadProcessMemory or WriteProcessMemory request was completed. (0x12B)
[0723/092444.346:ERROR:process_memory_win.cc(73)] ReadMemory at 0x232ad52d790 of 58 bytes failed: Only part of a ReadProcessMemory or WriteProcessMemory request was completed. (0x12B)
[0723/092444.346:ERROR:process_memory_win.cc(73)] ReadMemory at 0x232ad52d970 of 66 bytes failed: Only part of a ReadProcessMemory or WriteProcessMemory request was completed. (0x12B)
[0723/092444.347:ERROR:process_memory_win.cc(73)] ReadMemory at 0x232ad52d9c0 of 60 bytes failed: Only part of a ReadProcessMemory or WriteProcessMemory request was completed. (0x12B)
[0723/092444.347:ERROR:process_memory_win.cc(73)] ReadMemory at 0x232ad52dce0 of 62 bytes failed: Only part of a ReadProcessMemory or WriteProcessMemory request was completed. (0x12B)
[0723/092444.347:ERROR:process_memory_win.cc(73)] ReadMemory at 0x232ad52dd30 of 58 bytes failed: Only part of a ReadProcessMemory or WriteProcessMemory request was completed. (0x12B)
[0723/092444.347:ERROR:process_memory_win.cc(73)] ReadMemory at 0x232ad542420 of 132 bytes failed: Only part of a ReadProcessMemory or WriteProcessMemory request was completed. (0x12B)
[0723/092444.347:ERROR:process_memory_win.cc(73)] ReadMemory at 0x1b53e16891e8 of 512 bytes failed: Only part of a ReadProcessMemory or WriteProcessMemory request was completed. (0x12B)
[0723/092444.347:ERROR:process_memory_win.cc(73)] ReadMemory at 0x7ff81fe2e4f1 of 512 bytes failed: Only part of a ReadProcessMemory or WriteProcessMemory request was completed. (0x12B)
[0723/092444.347:ERROR:process_memory_win.cc(73)] ReadMemory at 0x7ff824168f78 of 512 bytes failed: Only part of a ReadProcessMemory or WriteProcessMemory request was completed. (0x12B)
[0723/092444.347:ERROR:process_memory_win.cc(73)] ReadMemory at 0x7ff8a57bc6e0 of 512 bytes failed: Only part of a ReadProcessMemory or WriteProcessMemory request was completed. (0x12B)
[0723/092444.347:ERROR:process_memory_win.cc(73)] ReadMemory at 0x7ff8a81bc074 of 512 bytes failed: Only part of a ReadProcessMemory or WriteProcessMemory request was completed. (0x12B)
[0723/092444.347:ERROR:process_memory_win.cc(73)] ReadMemory at 0x7ff8a81bc674 of 512 bytes failed: Only part of a ReadProcessMemory or WriteProcessMemory request was completed. (0x12B)
[0723/092444.347:ERROR:process_memory_win.cc(73)] ReadMemory at 0x7ff8a824c428 of 18 bytes failed: Only part of a ReadProcessMemory or WriteProcessMemory request was completed. (0x12B)
[0723/092444.347:ERROR:process_memory_win.cc(73)] ReadMemory at 0x7ff8a827f4f8 of 40 bytes failed: Only part of a ReadProcessMemory or WriteProcessMemory request was completed. (0x12B)
[0723/092444.347:ERROR:process_memory_win.cc(73)] ReadMemory at 0x7ff8a827f978 of 48 bytes failed: Only part of a ReadProcessMemory or WriteProcessMemory request was completed. (0x12B)
[0723/092444.347:ERROR:process_memory_win.cc(73)] ReadMemory at 0x7ff8a82853c0 of 64 bytes failed: Only part of a ReadProcessMemory or WriteProcessMemory request was completed. (0x12B)
[0723/092444.348:ERROR:scoped_process_suspend.cc(40)] NtResumeProcess: An attempt was made to access an exiting process. (0xc000010a)
